2025-09-21 16:24:08,457 - WARNING -  * Debugger is active!
2025-09-21 16:24:23,629 - INFO - Received upload request
2025-09-21 16:24:24,029 - INFO - Received file: Sbi sep 2024- apr 2025.pdf with target balance: 50000
2025-09-21 16:24:24,037 - INFO - File saved successfully at E:\Projects\mab-calculator\backend\uploads\Sbi_sep_2024-_apr_2025.pdf
2025-09-21 16:24:24,038 - INFO - Starting PDF processing for Sbi_sep_2024-_apr_2025.pdf
2025-09-21 16:24:31,170 - INFO - Extracted text length: 78136 characters
2025-09-21 16:24:31,450 - INFO - Parsed 227 transactions
2025-09-21 16:28:21,363 - INFO - Received upload request
2025-09-21 16:28:21,759 - INFO - Received file: Sbi sep 2024- apr 2025.pdf with target balance: 50000
2025-09-21 16:28:21,764 - INFO - File saved successfully at E:\Projects\mab-calculator\backend\uploads\Sbi_sep_2024-_apr_2025.pdf
2025-09-21 16:28:21,764 - INFO - Starting PDF processing for Sbi_sep_2024-_apr_2025.pdf
2025-09-21 16:28:29,334 - INFO - Extracted text length: 78136 characters
2025-09-21 16:28:29,555 - INFO - Parsed 227 transactions
2025-09-21 16:31:02,403 - INFO - Received upload request
2025-09-21 16:31:02,409 - INFO - Received file: Sbi sep 2024- apr 2025.pdf with target balance: 50000
2025-09-21 16:31:02,411 - INFO - File saved successfully at E:\Projects\mab-calculator\backend\uploads\Sbi_sep_2024-_apr_2025.pdf
2025-09-21 16:31:02,423 - INFO - Starting PDF processing for Sbi_sep_2024-_apr_2025.pdf
2025-09-21 16:31:09,838 - INFO - Extracted text length: 78136 characters
2025-09-21 16:31:10,129 - INFO - Parsed 227 transactions
2025-09-21 16:33:58,941 - INFO - Received upload request
2025-09-21 16:33:58,949 - INFO - Received file: Sbi sep 2024- apr 2025.pdf with target balance: 50000
2025-09-21 16:33:58,953 - INFO - File saved successfully at E:\Projects\mab-calculator\backend\uploads\Sbi_sep_2024-_apr_2025.pdf
2025-09-21 16:33:58,982 - INFO - Starting PDF processing for Sbi_sep_2024-_apr_2025.pdf
2025-09-21 16:34:06,160 - INFO - Extracted text length: 78136 characters
2025-09-21 16:34:06,446 - INFO - Parsed 227 transactions
2025-09-21 16:40:36,313 - INFO - Received upload request
2025-09-21 16:40:36,316 - INFO - Received file: Sbi sep 2024- apr 2025.pdf with target balance: 50000
2025-09-21 16:40:36,316 - INFO - File saved successfully at E:\Projects\mab-calculator\backend\uploads\Sbi_sep_2024-_apr_2025.pdf
2025-09-21 16:40:36,321 - INFO - Starting PDF processing for Sbi_sep_2024-_apr_2025.pdf
2025-09-21 16:40:43,238 - INFO - Extracted text length: 78136 characters
2025-09-21 16:40:43,512 - INFO - Parsed 227 transactions
2025-09-21 16:46:43,123 - INFO - Received upload request
2025-09-21 16:46:43,128 - INFO - Received file: Sbi sep 2024- apr 2025.pdf with target balance: 50000
2025-09-21 16:46:43,128 - INFO - File saved successfully at E:\Projects\mab-calculator\backend\uploads\Sbi_sep_2024-_apr_2025.pdf
2025-09-21 16:46:43,133 - INFO - Starting PDF processing for Sbi_sep_2024-_apr_2025.pdf
2025-09-21 16:46:50,758 - INFO - Extracted text length: 78136 characters
2025-09-21 16:46:51,012 - INFO - Parsed 227 transactions
2025-09-21 16:49:58,209 - INFO - Received upload request
2025-09-21 16:49:58,213 - INFO - Received file: Sbi sep 2024- apr 2025.pdf with target balance: 50000
2025-09-21 16:49:58,223 - INFO - File saved successfully at E:\Projects\mab-calculator\backend\uploads\Sbi_sep_2024-_apr_2025.pdf
2025-09-21 16:49:58,234 - INFO - Starting PDF processing for Sbi_sep_2024-_apr_2025.pdf
2025-09-21 16:50:05,745 - INFO - Extracted text length: 78136 characters
2025-09-21 16:50:06,056 - INFO - Parsed 227 transactions
2025-09-21 16:51:31,344 - INFO - Received upload request
2025-09-21 16:51:31,742 - INFO - Received file: Sbi sep 2024- apr 2025.pdf with target balance: 50000
2025-09-21 16:51:31,745 - INFO - File saved successfully at E:\Projects\mab-calculator\backend\uploads\Sbi_sep_2024-_apr_2025.pdf
2025-09-21 16:51:31,747 - INFO - Starting PDF processing for Sbi_sep_2024-_apr_2025.pdf
2025-09-21 16:51:39,992 - INFO - Extracted text length: 78136 characters
2025-09-21 16:51:40,201 - INFO - Parsed 227 transactions
2025-09-21 16:53:11,035 - INFO - Received upload request
2025-09-21 16:53:11,430 - INFO - Received file: Sbi sep 2024- apr 2025.pdf with target balance: 50000
2025-09-21 16:53:11,430 - INFO - File saved successfully at E:\Projects\mab-calculator\backend\uploads\Sbi_sep_2024-_apr_2025.pdf
2025-09-21 16:53:11,436 - INFO - Starting PDF processing for Sbi_sep_2024-_apr_2025.pdf
2025-09-21 16:53:18,804 - INFO - Extracted text length: 78136 characters
2025-09-21 16:53:19,139 - INFO - Parsed 227 transactions
2025-09-21 16:54:48,952 - INFO - Received upload request
2025-09-21 16:54:49,370 - INFO - Received file: Sbi sep 2024- apr 2025.pdf with target balance: 50000
2025-09-21 16:54:49,370 - INFO - File saved successfully at E:\Projects\mab-calculator\backend\uploads\Sbi_sep_2024-_apr_2025.pdf
2025-09-21 16:54:49,373 - INFO - Starting PDF processing for Sbi_sep_2024-_apr_2025.pdf
2025-09-21 16:54:56,819 - INFO - Extracted text length: 78136 characters
2025-09-21 16:54:57,090 - INFO - Parsed 227 transactions
2025-09-21 16:58:27,410 - INFO - Received upload request
2025-09-21 16:58:27,416 - INFO - Received file: Sbi sep 2024- apr 2025.pdf with target balance: 50000
2025-09-21 16:58:27,422 - INFO - File saved successfully at E:\Projects\mab-calculator\backend\uploads\Sbi_sep_2024-_apr_2025.pdf
2025-09-21 16:58:27,424 - INFO - Starting PDF processing for Sbi_sep_2024-_apr_2025.pdf
2025-09-21 16:58:34,720 - INFO - Extracted text length: 78136 characters
2025-09-21 16:58:35,035 - INFO - Parsed 227 transactions
